[01mai2026 01:11:52.510] [main/INFO] [cpw.mods.modlauncher.Launcher/MODLAUNCHER]: ModLauncher running: args [--launchTarget, forgeclientdev, --version, 21.1.228, --assetIndex, 17, --assetsDir, C:\\Users\\xdra1\\.gradle\\caches\\neoformruntime\\assets, --gameDir, ., --fml.fmlVersion, 4.0.42, --fml.mcVersion, 1.21.1, --fml.neoForgeVersion, 21.1.228, --fml.neoFormVersion, 20240808.144430, --username, Player1]
[01mai2026 01:11:52.513] [main/INFO] [cpw.mods.modlauncher.Launcher/MODLAUNCHER]: JVM identified as Eclipse Adoptium OpenJDK 64-Bit Server VM 21.0.5+11-LTS
[01mai2026 01:11:52.515] [main/INFO] [cpw.mods.modlauncher.Launcher/MODLAUNCHER]: ModLauncher 11.0.5+main.901c6ea8 starting: java version 21.0.5 by Eclipse Adoptium; OS Windows 11 arch amd64 version 10.0
[01mai2026 01:11:52.663] [main/INFO] [net.neoforged.fml.loading.ImmediateWindowHandler/]: Loading ImmediateWindowProvider fmlearlywindow
[01mai2026 01:11:52.903] [main/INFO] [EARLYDISPLAY/]: Trying GL version 4.6
[01mai2026 01:11:53.207] [main/INFO] [EARLYDISPLAY/]: Requested GL version 4.6 got version 4.6
[01mai2026 01:11:53.327] [main/INFO] [mixin/]: SpongePowered MIXIN Subsystem Version=0.8.7 Source=union:/C:/Users/xdra1/.gradle/caches/modules-2/files-2.1/net.fabricmc/sponge-mixin/0.15.2+mixin.0.8.7/2af2f021d8e02a0220dc27a7a72b4666d66d44ca/sponge-mixin-0.15.2+mixin.0.8.7.jar%23138!/ Service=ModLauncher Env=CLIENT
[01mai2026 01:11:53.555] [pool-2-thread-1/INFO] [EARLYDISPLAY/]: GL info: NVIDIA GeForce RTX 4070 Laptop GPU/PCIe/SSE2 GL version 4.6.0 NVIDIA 595.97, NVIDIA Corporation
[01mai2026 01:11:54.411] [main/INFO] [net.neoforged.fml.loading.moddiscovery.locators.JarInJarDependencyLocator/]: Found 17 dependencies adding them to mods collection
[01mai2026 01:11:54.413] [main/INFO] [net.neoforged.fml.loading.moddiscovery.ModDiscoverer/]: 
     Mod List:
		Name Version (Mod Id)

		Architectury 13.0.8 (architectury)
		Create 6.0.10 (create)
		Create Aeronautics 1.1.3 (aeronautics)
		Create Aeronautics 1.1.3 (aeronautics_bundled)
		Create Aeronautics: FTB Chunks 1.0.0 (create_aeronautics_ftb_chunks)
		Create Offroad 1.1.3 (offroad)
		Create Simulated 1.1.3 (simulated)
		Flywheel 1.0.6 (flywheel)
		FTB Chunks 2101.1.14 (ftbchunks)
		FTB Library 2101.1.31 (ftblibrary)
		FTB Teams 2101.1.10 (ftbteams)
		Just Enough Items 19.27.0.340 (jei)
		Minecraft 1.21.1 (minecraft)
		NeoForge 21.1.228 (neoforge)
		Ponder 1.0.82+mc1.21.1 (ponder)
		Sable 1.1.3 (sable)
		Sable Companion 1.5.0 (sablecompanion)
		Veil 3.6.2 (veil)
[01mai2026 01:11:55.489] [main/INFO] [mixin/]: Compatibility level set to JAVA_21
[01mai2026 01:11:55.531] [main/INFO] [cpw.mods.modlauncher.LaunchServiceHandler/MODLAUNCHER]: Launching target 'forgeclientdev' with arguments [--version, 21.1.228, --gameDir, ., --assetsDir, C:\Users\xdra1\.gradle\caches\neoformruntime\assets, --assetIndex, 17, --username, Player1]
[01mai2026 01:11:55.738] [main/WARN] [mixin/]: Reference map 'veil.refmap.json' for veil.debug.mixins.json could not be read. If this is a development environment you can ignore this message
[01mai2026 01:11:55.740] [main/WARN] [mixin/]: Reference map 'veil.refmap.json' for veil.dynamicbuffer.mixins.json could not be read. If this is a development environment you can ignore this message
[01mai2026 01:11:55.740] [main/WARN] [mixin/]: Reference map 'veil.refmap.json' for veil.fix.mixins.json could not be read. If this is a development environment you can ignore this message
[01mai2026 01:11:55.740] [main/WARN] [mixin/]: Reference map 'veil.refmap.json' for veil.framebuffer.mixins.json could not be read. If this is a development environment you can ignore this message
[01mai2026 01:11:55.740] [main/WARN] [mixin/]: Reference map 'veil.refmap.json' for veil.imgui.mixins.json could not be read. If this is a development environment you can ignore this message
[01mai2026 01:11:55.740] [main/WARN] [mixin/]: Reference map 'veil.refmap.json' for veil.necromancer.mixins.json could not be read. If this is a development environment you can ignore this message
[01mai2026 01:11:55.740] [main/WARN] [mixin/]: Reference map 'veil.refmap.json' for veil.performance.mixins.json could not be read. If this is a development environment you can ignore this message
[01mai2026 01:11:55.741] [main/WARN] [mixin/]: Reference map 'veil.refmap.json' for veil.perspective.mixins.json could not be read. If this is a development environment you can ignore this message
[01mai2026 01:11:55.741] [main/WARN] [mixin/]: Reference map 'veil.refmap.json' for veil.pipeline.mixins.json could not be read. If this is a development environment you can ignore this message
[01mai2026 01:11:55.741] [main/WARN] [mixin/]: Reference map 'veil.refmap.json' for veil.quasar.mixins.json could not be read. If this is a development environment you can ignore this message
[01mai2026 01:11:55.743] [main/WARN] [mixin/]: Reference map 'veil.refmap.json' for veil.registry.mixins.json could not be read. If this is a development environment you can ignore this message
[01mai2026 01:11:55.744] [main/WARN] [mixin/]: Reference map 'veil.refmap.json' for veil.rendertype.mixins.json could not be read. If this is a development environment you can ignore this message
[01mai2026 01:11:55.744] [main/WARN] [mixin/]: Reference map 'veil.refmap.json' for veil.resource.mixins.json could not be read. If this is a development environment you can ignore this message
[01mai2026 01:11:55.744] [main/WARN] [mixin/]: Reference map 'veil.refmap.json' for veil.scheduler.mixins.json could not be read. If this is a development environment you can ignore this message
[01mai2026 01:11:55.744] [main/WARN] [mixin/]: Reference map 'veil.refmap.json' for veil.shader.mixins.json could not be read. If this is a development environment you can ignore this message
[01mai2026 01:11:55.744] [main/WARN] [mixin/]: Reference map 'veil.refmap.json' for veil.neoforge.mixins.json could not be read. If this is a development environment you can ignore this message
[01mai2026 01:11:55.745] [main/WARN] [mixin/]: Reference map 'simulated.refmap.json' for simulated.mixins.json could not be read. If this is a development environment you can ignore this message
[01mai2026 01:11:55.767] [main/WARN] [mixin/]: Reference map 'aeronautics.refmap.json' for aeronautics.mixins.json could not be read. If this is a development environment you can ignore this message
[01mai2026 01:11:55.786] [main/WARN] [mixin/]: Reference map 'ponder.refmap.json' for ponder-common.mixins.json could not be read. If this is a development environment you can ignore this message
[01mai2026 01:11:55.838] [main/INFO] [dev.ryanhcode.sable.mixin.AbstractSableMixinPlugin/]: Using Vanilla renderer mixins
[01mai2026 01:11:55.840] [main/INFO] [dev.ryanhcode.sable.mixin.AbstractSableMixinPlugin/]: Using Vanilla renderer mixins
[01mai2026 01:11:55.841] [main/WARN] [mixin/]: Reference map 'offroad.refmap.json' for offroad.mixins.json could not be read. If this is a development environment you can ignore this message
[01mai2026 01:11:56.388] [main/WARN] [mixin/]: Error loading class: net/irisshaders/iris/pipeline/PipelineManager (java.lang.ClassNotFoundException: net.irisshaders.iris.pipeline.PipelineManager)
[01mai2026 01:11:56.390] [main/WARN] [mixin/]: @Mixin target net.irisshaders.iris.pipeline.PipelineManager was not found veil.neoforge.mixins.json:client.perspective.iris.PipelineManagerMixin from mod veil
[01mai2026 01:11:57.040] [main/WARN] [mixin/]: Error loading class: org/jetbrains/annotations/ApiStatus$ScheduledForRemoval (java.lang.ClassNotFoundException: org.jetbrains.annotations.ApiStatus$ScheduledForRemoval)
[01mai2026 01:11:57.112] [main/INFO] [MixinExtras|Service/]: Initializing MixinExtras via com.llamalad7.mixinextras.service.MixinExtrasServiceImpl(version=0.5.3).
[01mai2026 01:11:59.391] [Datafixer Bootstrap/INFO] [com.mojang.datafixers.DataFixerBuilder/]: 229 Datafixer optimizations took 450 milliseconds
[01mai2026 01:12:05.349] [main/WARN] [net.minecraft.commands.Commands/]: Ambiguity between arguments [teleport, location] and [teleport, destination] with inputs: [0.1 -0.5 .9, 0 0 0]
[01mai2026 01:12:05.350] [main/WARN] [net.minecraft.commands.Commands/]: Ambiguity between arguments [teleport, location] and [teleport, targets] with inputs: [0.1 -0.5 .9, 0 0 0]
[01mai2026 01:12:05.354] [main/WARN] [net.minecraft.commands.Commands/]: Ambiguity between arguments [teleport, destination] and [teleport, targets] with inputs: [Player, 0123, @e, dd12be42-52a9-4a91-a8a1-11c01849e498]
[01mai2026 01:12:05.355] [main/WARN] [net.minecraft.commands.Commands/]: Ambiguity between arguments [teleport, targets] and [teleport, destination] with inputs: [Player, 0123, dd12be42-52a9-4a91-a8a1-11c01849e498]
[01mai2026 01:12:05.357] [main/WARN] [net.minecraft.commands.Commands/]: Ambiguity between arguments [teleport, targets, location] and [teleport, targets, destination] with inputs: [0.1 -0.5 .9, 0 0 0]
[01mai2026 01:12:05.568] [Render thread/WARN] [net.minecraft.server.packs.VanillaPackResourcesBuilder/]: Assets URL 'union:/C:/Users/xdra1/IdeaProjects/Create%20Aeronautics%20FTB%20Chunks/build/moddev/artifacts/neoforge-21.1.228.jar%23189!/assets/.mcassetsroot' uses unexpected schema
[01mai2026 01:12:05.570] [Render thread/WARN] [net.minecraft.server.packs.VanillaPackResourcesBuilder/]: Assets URL 'union:/C:/Users/xdra1/IdeaProjects/Create%20Aeronautics%20FTB%20Chunks/build/moddev/artifacts/neoforge-21.1.228.jar%23189!/data/.mcassetsroot' uses unexpected schema
[01mai2026 01:12:05.598] [Render thread/INFO] [com.mojang.authlib.yggdrasil.YggdrasilAuthenticationService/]: Environment: Environment[sessionHost=https://sessionserver.mojang.com, servicesHost=https://api.minecraftservices.com, name=PROD]
[01mai2026 01:12:05.610] [Render thread/INFO] [net.minecraft.client.Minecraft/]: Setting user: Player1
[01mai2026 01:12:05.699] [Render thread/INFO] [net.minecraft.client.Minecraft/]: Backend library: LWJGL version 3.3.3+5
[01mai2026 01:12:06.219] [modloading-worker-0/INFO] [Veil/]: Veil is initializing.
[01mai2026 01:12:06.277] [modloading-worker-0/INFO] [net.neoforged.neoforge.common.NeoForgeMod/NEOFORGE-MOD]: NeoForge mod loading, version 21.1.228, for MC 1.21.1
[01mai2026 01:12:06.603] [modloading-worker-0/INFO] [com.simibubi.create.Create/]: Create 6.0.10 initializing! Commit hash: ac0c444d9828da3453ae8cc65338e8de063286fb
[01mai2026 01:12:06.832] [modloading-worker-0/INFO] [mezz.jei.library.load.PluginCaller/]: Sending ConfigManager...
[01mai2026 01:12:06.845] [modloading-worker-0/INFO] [mezz.jei.library.load.PluginCaller/]: Sending ConfigManager took 5.626 milliseconds
[01mai2026 01:12:08.389] [modloading-worker-0/INFO] [dev.ryanhcode.sable.Sable/]: Sable loaded!
[01mai2026 01:12:08.405] [modloading-worker-0/WARN] [dev.ryanhcode.sable.Sable/]: NOTE: Sable is loaded with Flywheel. Sable contains extensive shader overrides and a full light-storage replacement. Expect this to cause compatibility issues. If issues arise, please report them to the Sable issue tracker (https://github.com/ryanhcode/sable/issues) instead of the Flywheel issue tracker.
[01mai2026 01:12:10.624] [Render thread/INFO] [Veil/]: GL Debug supported
[01mai2026 01:12:10.900] [Render thread/INFO] [net.neoforged.neoforge.gametest.GameTestHooks/]: Enabled Gametest Namespaces: []
[01mai2026 01:12:11.451] [Render thread/INFO] [net.minecraft.server.packs.resources.ReloadableResourceManager/]: Reloading ResourceManager: vanilla, mod_resources, mod/veil, mod/simulated, mod/architectury, mod/ftblibrary, mod/jei, mod/aeronautics, mod/aeronautics_bundled, mod/ftbteams, mod/ftbchunks, mod/sablecompanion, mod/flywheel, mod/ponder, mod/create, mod/sable, mod/create_aeronautics_ftb_chunks, mod/offroad, mod/neoforge
[01mai2026 01:12:11.654] [Worker-Main-21/INFO] [net.minecraft.client.gui.font.providers.UnihexProvider/]: Found unifont_all_no_pua-15.1.05.hex, loading
[01mai2026 01:12:11.654] [Worker-Main-9/INFO] [net.minecraft.client.gui.font.providers.UnihexProvider/]: Found unifont_jp_patch-15.1.05.hex, loading
[01mai2026 01:12:11.664] [NeoForge Version Check/INFO] [net.neoforged.fml.VersionChecker/]: [create] Starting version check at https://api.modrinth.com/updates/create/forge_updates.json?neoforge=only
[01mai2026 01:12:13.067] [NeoForge Version Check/INFO] [net.neoforged.fml.VersionChecker/]: [create] Found status: OUTDATED Current: 6.0.10 Target: 6.0.10+mc1.21.1
[01mai2026 01:12:13.128] [Worker-Main-13/WARN] [net.minecraft.client.resources.model.ModelBakery/]: Unable to load model: 'minecraft:block' referenced from: simulated:block/rope_connector/block_horizontal: java.io.FileNotFoundException: minecraft:models/block.json
[01mai2026 01:12:14.880] [Worker-Main-13/WARN] [net.minecraft.client.resources.model.ModelManager/]: Missing textures in model create_aeronautics_ftb_chunks:contraption_claim_block#inventory:
    minecraft:textures/atlas/blocks.png:create_aeronautics_ftb_chunks:block/contraption_claim_block
[01mai2026 01:12:14.880] [Worker-Main-13/WARN] [net.minecraft.client.resources.model.ModelManager/]: Missing textures in model create_aeronautics_ftb_chunks:contraption_claim_block#:
    minecraft:textures/atlas/blocks.png:create_aeronautics_ftb_chunks:block/contraption_claim_block
[01mai2026 01:12:14.982] [Render thread/INFO] [Veil/]: Loaded 0 shader modifications
[01mai2026 01:12:15.590] [Render thread/INFO] [Veil/]: Loaded 29 shaders from: pinwheel/shaders/program
[01mai2026 01:12:15.768] [Worker-Main-2/INFO] [PonderIndex/]: Registering Ponder Scenes took 132.5 ms
[01mai2026 01:12:15.776] [Worker-Main-2/INFO] [PonderIndex/]: Registering Ponder Tags took 6.259 ms
[01mai2026 01:12:15.918] [Render thread/WARN] [net.minecraft.client.sounds.SoundEngine/]: Missing sound for event: minecraft:item.goat_horn.play
[01mai2026 01:12:15.918] [Render thread/WARN] [net.minecraft.client.sounds.SoundEngine/]: Missing sound for event: minecraft:entity.goat.screaming.horn_break
[01mai2026 01:12:15.979] [Render thread/INFO] [com.mojang.blaze3d.audio.Library/]: OpenAL initialized on device OpenAL Soft on Casque (HyperX Cloud III)
[01mai2026 01:12:15.979] [Render thread/INFO] [net.minecraft.client.sounds.SoundEngine/SOUNDS]: Sound engine started
[01mai2026 01:12:16.105] [Render thread/INFO] [net.minecraft.client.renderer.texture.TextureAtlas/]: Created: 2048x1024x4 minecraft:textures/atlas/blocks.png-atlas
[01mai2026 01:12:16.119] [Render thread/INFO] [net.minecraft.client.renderer.texture.TextureAtlas/]: Created: 256x256x4 minecraft:textures/atlas/signs.png-atlas
[01mai2026 01:12:16.120] [Render thread/INFO] [net.minecraft.client.renderer.texture.TextureAtlas/]: Created: 512x512x4 minecraft:textures/atlas/shield_patterns.png-atlas
[01mai2026 01:12:16.120] [Render thread/INFO] [net.minecraft.client.renderer.texture.TextureAtlas/]: Created: 512x512x4 minecraft:textures/atlas/banner_patterns.png-atlas
[01mai2026 01:12:16.120] [Render thread/INFO] [net.minecraft.client.renderer.texture.TextureAtlas/]: Created: 2048x1024x4 minecraft:textures/atlas/armor_trims.png-atlas
[01mai2026 01:12:16.125] [Render thread/INFO] [net.minecraft.client.renderer.texture.TextureAtlas/]: Created: 128x64x4 minecraft:textures/atlas/decorated_pot.png-atlas
[01mai2026 01:12:16.125] [Render thread/INFO] [net.minecraft.client.renderer.texture.TextureAtlas/]: Created: 256x256x4 minecraft:textures/atlas/chest.png-atlas
[01mai2026 01:12:16.125] [Render thread/INFO] [net.minecraft.client.renderer.texture.TextureAtlas/]: Created: 512x256x4 minecraft:textures/atlas/beds.png-atlas
[01mai2026 01:12:16.125] [Render thread/INFO] [net.minecraft.client.renderer.texture.TextureAtlas/]: Created: 512x256x4 minecraft:textures/atlas/shulker_boxes.png-atlas
[01mai2026 01:12:16.198] [Render thread/INFO] [net.minecraft.client.renderer.texture.TextureAtlas/]: Created: 512x512x0 minecraft:textures/atlas/particles.png-atlas
[01mai2026 01:12:16.200] [Render thread/INFO] [net.minecraft.client.renderer.texture.TextureAtlas/]: Created: 512x256x0 minecraft:textures/atlas/paintings.png-atlas
[01mai2026 01:12:16.202] [Render thread/INFO] [net.minecraft.client.renderer.texture.TextureAtlas/]: Created: 256x128x0 minecraft:textures/atlas/mob_effects.png-atlas
[01mai2026 01:12:16.202] [Render thread/INFO] [net.minecraft.client.renderer.texture.TextureAtlas/]: Created: 64x64x0 minecraft:textures/atlas/map_decorations.png-atlas
[01mai2026 01:12:16.202] [Render thread/INFO] [net.minecraft.client.renderer.texture.TextureAtlas/]: Created: 1024x512x0 minecraft:textures/atlas/gui.png-atlas
[01mai2026 01:12:16.339] [Render thread/WARN] [net.minecraft.client.renderer.ShaderInstance/]: Shader rendertype_entity_translucent_emissive could not find sampler named Sampler2 in the specified shader program.
[01mai2026 01:12:16.650] [Render thread/INFO] [Veil/]: Loaded 2 ImGui fonts
[01mai2026 01:12:16.650] [Render thread/INFO] [Veil/]: Loaded 3 framebuffers
[01mai2026 01:12:16.695] [Render thread/INFO] [Veil/]: Loaded 6 post pipelines
[01mai2026 01:12:16.710] [Render thread/INFO] [Veil/]: Loaded 4 render types
[01mai2026 01:12:16.710] [Render thread/INFO] [Veil/]: Enabled bloom pipeline
[01mai2026 01:12:16.711] [Render thread/INFO] [Veil/]: Loaded 0 quasar particles
[01mai2026 01:12:16.711] [Render thread/INFO] [Veil/]: Loaded 0 templates
[01mai2026 01:12:16.711] [Render thread/INFO] [Veil/]: Loaded 0 modules
[01mai2026 01:12:16.717] [Render thread/INFO] [net.minecraft.client.renderer.texture.TextureAtlas/]: Created: 256x256x0 jei:textures/atlas/gui.png-atlas
[01mai2026 01:12:16.755] [Render thread/INFO] [flywheel/backend/shaders/]: Loaded 77 shader sources in 27,842 ms
[01mai2026 01:12:16.815] [Render thread/INFO] [Veil/]: Compiled 58 vanilla shaders in 202.2 ms
[01mai2026 01:12:16.823] [Render thread/INFO] [com.simibubi.create.Create/]: Loaded 58 train hat configurations.
[01mai2026 01:12:16.826] [Render thread/INFO] [net.neoforged.neoforge.client.entity.animation.json.AnimationLoader/]: Loaded 0 entity animations
[01mai2026 01:12:16.831] [Render thread/INFO] [Veil/]: Built veil:jetbrains_mono
[01mai2026 01:12:16.839] [Render thread/INFO] [Veil/]: Built veil:remixicon
[01mai2026 01:12:18.110] [Render thread/INFO] [Veil/]: Finished uploading vanilla shaders
[01mai2026 01:12:28.912] [Render thread/INFO] [com.simibubi.create.Create/]: Created 157 recipes which will be injected into the game
[01mai2026 01:12:28.915] [Render thread/INFO] [com.simibubi.create.Create/]: Created 0 tags which will be injected into the game
[01mai2026 01:12:28.930] [Render thread/INFO] [net.minecraft.server.MinecraftServer/]: Found new data pack create:dynamic_data, loading it automatically
[01mai2026 01:12:29.926] [Render thread/INFO] [net.minecraft.world.item.crafting.RecipeManager/]: Loaded 2942 recipes
[01mai2026 01:12:30.087] [Render thread/INFO] [net.minecraft.advancements.AdvancementTree/]: Loaded 2644 advancements
[01mai2026 01:12:34.494] [Render thread/INFO] [net.minecraft.client.gui.screens.ConnectScreen/]: Connecting to fe80::4001:5458:c305:e6b4, 57169
[01mai2026 01:12:34.705] [Server Connector #1/INFO] [dev.ryanhcode.sable.Sable/]: Starting remote client UDP channel future
[01mai2026 01:12:34.724] [Netty Client IO #1/INFO] [dev.ryanhcode.sable.Sable/]: Client UDP channel active
[01mai2026 01:12:34.863] [IO-Worker-1/WARN] [net.minecraft.client.multiplayer.ClientHandshakePacketListenerImpl/]: Failed to log in: Invalid session (Try restarting your game and the launcher)
[01mai2026 01:12:35.769] [Render thread/INFO] [com.simibubi.create.Create/]: Created 157 recipes which will be injected into the game
[01mai2026 01:12:35.769] [Render thread/INFO] [com.simibubi.create.Create/]: Created 0 tags which will be injected into the game
[01mai2026 01:12:37.890] [Render thread/INFO] [flywheel/]: Started 10 worker threads
[01mai2026 01:12:37.908] [Render thread/INFO] [dev.ryanhcode.sable.Sable/]: Received authentication request, sending response over UDP to HJTSAFNC/[fe80:0:0:0:4001:5458:c305:e6b4]:57169
[01mai2026 01:12:37.966] [Render thread/INFO] [mezz.jei.core.util.LoggedTimer/]: Starting JEI...
[01mai2026 01:12:37.972] [Render thread/INFO] [mezz.jei.library.load.PluginCaller/]: Registering item subtypes...
[01mai2026 01:12:37.976] [Render thread/INFO] [mezz.jei.library.load.PluginCaller/]: Registering item subtypes took 3.321 milliseconds
[01mai2026 01:12:37.977] [Render thread/INFO] [mezz.jei.library.load.PluginCaller/]: Registering fluid subtypes...
[01mai2026 01:12:37.978] [Render thread/INFO] [mezz.jei.library.load.PluginCaller/]: Registering fluid subtypes took 1.696 milliseconds
[01mai2026 01:12:37.979] [Render thread/INFO] [mezz.jei.library.load.PluginCaller/]: Registering ingredients...
[01mai2026 01:12:38.092] [Render thread/WARN] [mezz.jei.library.plugins.vanilla.ingredients.ItemStackListFactory/]: Item Group has no display items and no search tab display items. Items from this group will be missing from the JEI ingredient list. FTB Suite
[01mai2026 01:12:38.187] [Render thread/INFO] [mezz.jei.library.load.PluginCallerTimerRunnable/]: Registering ingredients: jei:minecraft took 207.1 milliseconds
[01mai2026 01:12:38.188] [Render thread/INFO] [mezz.jei.library.load.PluginCaller/]: Registering ingredients took 208.0 milliseconds
[01mai2026 01:12:38.188] [Render thread/INFO] [mezz.jei.library.load.PluginCaller/]: Registering extra ingredients...
[01mai2026 01:12:38.194] [Render thread/INFO] [mezz.jei.library.load.PluginCaller/]: Registering extra ingredients took 5.556 milliseconds
[01mai2026 01:12:38.194] [Render thread/INFO] [mezz.jei.library.load.PluginCaller/]: Registering search ingredient aliases...
[01mai2026 01:12:38.196] [Render thread/INFO] [mezz.jei.library.load.PluginCaller/]: Registering search ingredient aliases took 1.579 milliseconds
[01mai2026 01:12:38.220] [Render thread/INFO] [mezz.jei.library.load.PluginCaller/]: Registering Mod Info...
[01mai2026 01:12:38.221] [Render thread/INFO] [mezz.jei.library.load.PluginCaller/]: Registering Mod Info took 1.014 milliseconds
[01mai2026 01:12:38.239] [Render thread/INFO] [mezz.jei.library.load.PluginCaller/]: Registering categories...
[01mai2026 01:12:38.260] [Render thread/INFO] [mezz.jei.library.load.PluginCallerTimerRunnable/]: Registering categories: jei:minecraft took 20.27 milliseconds
[01mai2026 01:12:38.313] [Render thread/INFO] [mezz.jei.library.load.PluginCallerTimerRunnable/]: Registering categories: create:jei_plugin took 53.79 milliseconds
[01mai2026 01:12:38.320] [Render thread/INFO] [mezz.jei.library.load.PluginCaller/]: Registering categories took 82.02 milliseconds
[01mai2026 01:12:38.322] [Render thread/INFO] [mezz.jei.library.load.PluginCaller/]: Registering vanilla category extensions...
[01mai2026 01:12:38.328] [Render thread/INFO] [mezz.jei.library.load.PluginCaller/]: Registering vanilla category extensions took 5.344 milliseconds
[01mai2026 01:12:38.330] [Render thread/INFO] [mezz.jei.library.load.PluginCaller/]: Registering recipe catalysts...
[01mai2026 01:12:38.331] [Render thread/INFO] [mezz.jei.library.load.PluginCaller/]: Registering recipe catalysts took 2.194 milliseconds
[01mai2026 01:12:38.333] [Render thread/INFO] [mezz.jei.core.util.LoggedTimer/]: Building recipe registry...
[01mai2026 01:12:38.350] [Render thread/INFO] [mezz.jei.core.util.LoggedTimer/]: Building recipe registry took 17.63 milliseconds
[01mai2026 01:12:38.353] [Render thread/INFO] [mezz.jei.library.load.PluginCaller/]: Registering advanced plugins...
[01mai2026 01:12:38.353] [Render thread/INFO] [mezz.jei.library.load.PluginCaller/]: Registering advanced plugins took 482.5 microseconds
[01mai2026 01:12:38.353] [Render thread/INFO] [mezz.jei.library.load.PluginCaller/]: Registering recipes...
[01mai2026 01:12:38.519] [Render thread/INFO] [mezz.jei.library.load.PluginCallerTimerRunnable/]: Registering recipes: jei:minecraft took 164.8 milliseconds
[01mai2026 01:12:38.640] [Render thread/INFO] [mezz.jei.library.load.PluginCallerTimerRunnable/]: Registering recipes: create:jei_plugin took 117.6 milliseconds
[01mai2026 01:12:38.688] [Render thread/INFO] [mezz.jei.library.load.PluginCallerTimerRunnable/]: Registering recipes: jei:internal took 48.53 milliseconds
[01mai2026 01:12:38.688] [Render thread/INFO] [mezz.jei.library.load.PluginCaller/]: Registering recipes took 334.7 milliseconds
[01mai2026 01:12:38.699] [Render thread/INFO] [mezz.jei.library.load.PluginCaller/]: Registering recipes transfer handlers...
[01mai2026 01:12:38.706] [Render thread/INFO] [mezz.jei.library.load.PluginCaller/]: Registering recipes transfer handlers took 7.278 milliseconds
[01mai2026 01:12:38.719] [Render thread/INFO] [mezz.jei.core.util.LoggedTimer/]: Building runtime...
[01mai2026 01:12:38.728] [Render thread/INFO] [mezz.jei.library.load.PluginCaller/]: Registering gui handlers...
[01mai2026 01:12:38.741] [Render thread/INFO] [mezz.jei.library.load.PluginCaller/]: Registering gui handlers took 13.33 milliseconds
[01mai2026 01:12:38.748] [Render thread/INFO] [mezz.jei.library.load.PluginCaller/]: Registering Runtime...
[01mai2026 01:12:38.750] [Render thread/INFO] [mezz.jei.gui.startup.JeiGuiStarter/]: Starting JEI GUI
[01mai2026 01:12:38.750] [Render thread/INFO] [mezz.jei.core.util.LoggedTimer/]: Building ingredient list...
[01mai2026 01:12:38.772] [Render thread/INFO] [mezz.jei.core.util.LoggedTimer/]: Building ingredient list took 21.58 milliseconds
[01mai2026 01:12:38.772] [Render thread/INFO] [mezz.jei.core.util.LoggedTimer/]: Building ingredient filter...
[01mai2026 01:12:38.815] [Render thread/INFO] [mezz.jei.gui.ingredients.IngredientFilter/]: Adding 2502 ingredients
[01mai2026 01:12:39.050] [Render thread/INFO] [mezz.jei.gui.ingredients.IngredientFilter/]: Added 2502 ingredients
[01mai2026 01:12:39.051] [Render thread/INFO] [mezz.jei.core.util.LoggedTimer/]: Building ingredient filter took 279.3 milliseconds
[01mai2026 01:12:39.153] [Render thread/INFO] [mezz.jei.library.load.PluginCallerTimerRunnable/]: Registering Runtime: jei:neoforge_gui took 404.6 milliseconds
[01mai2026 01:12:39.153] [Render thread/INFO] [mezz.jei.library.load.PluginCaller/]: Registering Runtime took 405.7 milliseconds
[01mai2026 01:12:39.155] [Render thread/INFO] [mezz.jei.core.util.LoggedTimer/]: Building runtime took 436.0 milliseconds
[01mai2026 01:12:39.155] [Render thread/INFO] [mezz.jei.library.load.PluginCaller/]: Sending Runtime...
[01mai2026 01:12:39.155] [Render thread/INFO] [mezz.jei.library.load.PluginCaller/]: Sending Runtime took 621.0 microseconds
[01mai2026 01:12:39.155] [Render thread/INFO] [mezz.jei.core.util.LoggedTimer/]: Starting JEI took 1.189 seconds
[01mai2026 01:12:39.203] [Render thread/INFO] [FTB Library/]: received server config settings for config: ftbchunks-world
[01mai2026 01:12:39.203] [Render thread/INFO] [FTB Library/]: config has been updated! server = false - clear any cached data etc. here
[01mai2026 01:12:39.203] [Render thread/INFO] [FTB Library/]: received server config settings for config: ftblibrary-server
[01mai2026 01:12:39.208] [Render thread/INFO] [net.minecraft.client.gui.components.ChatComponent/]: [System] [CHAT] Hello from FTB Library!
[01mai2026 01:12:39.268] [Render thread/INFO] [FTB Chunks/]: Loading FTB Chunks client data from world 25abade1-fc9d-4fbc-9142-d56c9d43f1bf
[01mai2026 01:12:39.389] [Render thread/INFO] [net.minecraft.advancements.AdvancementTree/]: Loaded 2 advancements
[01mai2026 01:12:39.963] [Render thread/INFO] [Veil/]: Multi-Bind supported, using core
[01mai2026 01:12:55.550] [Render thread/INFO] [net.minecraft.client.gui.components.ChatComponent/]: [System] [CHAT] Set the time to 1000
[01mai2026 01:13:07.320] [Render thread/WARN] [net.minecraft.client.sounds.SoundEngine/SOUNDS]: Unable to play empty soundEvent: minecraft:entity.tropical_fish.ambient
[01mai2026 01:13:07.424] [Render thread/WARN] [net.minecraft.client.sounds.SoundEngine/SOUNDS]: Unable to play empty soundEvent: minecraft:entity.cod.ambient
[01mai2026 01:14:11.335] [Render thread/INFO] [net.minecraft.advancements.AdvancementTree/]: Loaded 53 advancements
[01mai2026 01:14:12.566] [Render thread/INFO] [net.minecraft.client.gui.components.ChatComponent/]: [System] [CHAT] Only the owner or a team officer can manage this claim block.
[01mai2026 01:16:00.122] [Render thread/INFO] [net.minecraft.client.Minecraft/]: Stopping!
[01mai2026 01:16:00.123] [Netty Client IO #1/INFO] [dev.ryanhcode.sable.Sable/]: Client UDP channel inactive
[01mai2026 01:16:00.123] [Netty Client IO #1/INFO] [dev.ryanhcode.sable.Sable/]: Closed UDP channel!
[01mai2026 01:16:00.127] [Render thread/INFO] [mezz.jei.library.startup.JeiStarter/]: Stopping JEI
[01mai2026 01:16:00.127] [Render thread/INFO] [mezz.jei.library.load.PluginCaller/]: Sending Runtime Unavailable...
[01mai2026 01:16:00.127] [Render thread/INFO] [mezz.jei.neoforge.plugins.neoforge.NeoForgeGuiPlugin/]: Stopping JEI GUI
[01mai2026 01:16:00.130] [Render thread/INFO] [mezz.jei.library.load.PluginCaller/]: Sending Runtime Unavailable took 2.585 milliseconds
[01mai2026 01:16:00.580] [Render thread/INFO] [FTB Chunks/]: Shutting down map thread
